mode: set
project-POS-APP-golang-integer/main.go:13.13,15.16 2 0
project-POS-APP-golang-integer/main.go:15.16,17.3 1 0
project-POS-APP-golang-integer/main.go:19.2,20.16 2 0
project-POS-APP-golang-integer/main.go:20.16,22.3 1 0
project-POS-APP-golang-integer/main.go:24.2,28.16 3 0
project-POS-APP-golang-integer/main.go:28.16,30.3 1 0
project-POS-APP-golang-integer/main.go:33.2,34.16 2 0
project-POS-APP-golang-integer/main.go:34.16,36.3 1 0
project-POS-APP-golang-integer/main.go:38.2,40.22 3 0
project-POS-APP-golang-integer/internal/data/migration.go:9.37,37.2 1 0
project-POS-APP-golang-integer/internal/data/seeder.go:9.33,10.48 1 0
project-POS-APP-golang-integer/internal/data/seeder.go:10.48,12.17 2 0
project-POS-APP-golang-integer/internal/data/seeder.go:12.17,14.4 1 0
project-POS-APP-golang-integer/internal/data/seeder.go:15.3,16.17 2 0
project-POS-APP-golang-integer/internal/data/seeder.go:16.17,18.4 1 0
project-POS-APP-golang-integer/internal/data/seeder.go:19.3,20.17 2 0
project-POS-APP-golang-integer/internal/data/seeder.go:20.17,22.4 1 0
project-POS-APP-golang-integer/internal/data/seeder.go:23.3,24.17 2 0
project-POS-APP-golang-integer/internal/data/seeder.go:24.17,26.4 1 0
project-POS-APP-golang-integer/internal/data/seeder.go:27.3,28.17 2 0
project-POS-APP-golang-integer/internal/data/seeder.go:28.17,30.4 1 0
project-POS-APP-golang-integer/internal/data/seeder.go:32.3,33.17 2 0
project-POS-APP-golang-integer/internal/data/seeder.go:33.17,35.4 1 0
project-POS-APP-golang-integer/internal/data/seeder.go:36.3,37.17 2 0
project-POS-APP-golang-integer/internal/data/seeder.go:37.17,39.4 1 0
project-POS-APP-golang-integer/internal/data/seeder.go:40.3,41.17 2 0
project-POS-APP-golang-integer/internal/data/seeder.go:41.17,43.4 1 0
project-POS-APP-golang-integer/internal/data/seeder.go:45.3,46.17 2 0
project-POS-APP-golang-integer/internal/data/seeder.go:46.17,48.4 1 0
project-POS-APP-golang-integer/internal/data/seeder.go:49.3,50.17 2 0
project-POS-APP-golang-integer/internal/data/seeder.go:50.17,52.4 1 0
project-POS-APP-golang-integer/internal/data/seeder.go:53.3,54.17 2 0
project-POS-APP-golang-integer/internal/data/seeder.go:54.17,56.4 1 0
project-POS-APP-golang-integer/internal/data/seeder.go:57.3,58.17 2 0
project-POS-APP-golang-integer/internal/data/seeder.go:58.17,60.4 1 0
project-POS-APP-golang-integer/internal/data/seeder.go:61.3,62.17 2 0
project-POS-APP-golang-integer/internal/data/seeder.go:62.17,64.4 1 0
project-POS-APP-golang-integer/internal/data/seeder.go:66.3,67.17 2 0
project-POS-APP-golang-integer/internal/data/seeder.go:67.17,69.4 1 0
project-POS-APP-golang-integer/internal/data/seeder.go:70.3,71.17 2 0
project-POS-APP-golang-integer/internal/data/seeder.go:71.17,73.4 1 0
project-POS-APP-golang-integer/internal/data/seeder.go:74.3,75.17 2 0
project-POS-APP-golang-integer/internal/data/seeder.go:75.17,77.4 1 0
project-POS-APP-golang-integer/internal/data/seeder.go:79.3,79.13 1 0
project-POS-APP-golang-integer/internal/data/entity/reservation.go:20.44,21.12 1 0
project-POS-APP-golang-integer/internal/data/entity/reservation.go:23.58,24.14 1 0
project-POS-APP-golang-integer/internal/data/entity/reservation.go:25.10,26.15 1 0
project-POS-APP-golang-integer/internal/data/entity/user.go:35.34,36.11 1 0
project-POS-APP-golang-integer/internal/data/entity/user.go:37.44,38.14 1 0
project-POS-APP-golang-integer/internal/data/entity/user.go:40.2,40.14 1 0
project-POS-APP-golang-integer/cmd/server.go:15.31,23.12 3 0
project-POS-APP-golang-integer/cmd/server.go:23.12,24.46 1 0
project-POS-APP-golang-integer/cmd/server.go:24.46,26.4 1 0
project-POS-APP-golang-integer/cmd/server.go:30.2,39.42 8 0
project-POS-APP-golang-integer/cmd/server.go:39.42,41.3 1 0
project-POS-APP-golang-integer/cmd/server.go:43.2,43.40 1 0
project-POS-APP-golang-integer/internal/data/repository/category.go:17.60,19.2 1 0
project-POS-APP-golang-integer/internal/data/repository/category.go:21.67,28.2 3 0
project-POS-APP-golang-integer/internal/data/repository/customer_repo.go:28.71,33.2 1 0
project-POS-APP-golang-integer/internal/data/repository/customer_repo.go:35.111,43.16 4 0
project-POS-APP-golang-integer/internal/data/repository/customer_repo.go:43.16,48.3 2 0
project-POS-APP-golang-integer/internal/data/repository/customer_repo.go:50.2,54.22 2 0
project-POS-APP-golang-integer/internal/data/repository/customer_repo.go:57.95,65.16 5 0
project-POS-APP-golang-integer/internal/data/repository/customer_repo.go:65.16,66.36 1 0
project-POS-APP-golang-integer/internal/data/repository/customer_repo.go:66.36,68.4 1 0
project-POS-APP-golang-integer/internal/data/repository/customer_repo.go:68.9,72.4 1 0
project-POS-APP-golang-integer/internal/data/repository/customer_repo.go:73.3,73.18 1 0
project-POS-APP-golang-integer/internal/data/repository/customer_repo.go:76.2,77.23 2 0
project-POS-APP-golang-integer/internal/data/repository/customer_repo.go:80.103,88.16 5 0
project-POS-APP-golang-integer/internal/data/repository/customer_repo.go:88.16,89.36 1 0
project-POS-APP-golang-integer/internal/data/repository/customer_repo.go:89.36,91.4 1 0
project-POS-APP-golang-integer/internal/data/repository/customer_repo.go:91.9,95.4 1 0
project-POS-APP-golang-integer/internal/data/repository/customer_repo.go:96.3,96.18 1 0
project-POS-APP-golang-integer/internal/data/repository/customer_repo.go:99.2,103.23 2 0
project-POS-APP-golang-integer/internal/data/repository/customer_repo.go:106.103,114.16 5 0
project-POS-APP-golang-integer/internal/data/repository/customer_repo.go:114.16,115.36 1 0
project-POS-APP-golang-integer/internal/data/repository/customer_repo.go:115.36,117.4 1 0
project-POS-APP-golang-integer/internal/data/repository/customer_repo.go:117.9,121.4 1 0
project-POS-APP-golang-integer/internal/data/repository/customer_repo.go:122.3,122.18 1 0
project-POS-APP-golang-integer/internal/data/repository/customer_repo.go:125.2,125.23 1 0
project-POS-APP-golang-integer/internal/data/repository/customer_repo.go:128.129,142.25 6 0
project-POS-APP-golang-integer/internal/data/repository/customer_repo.go:142.25,146.3 2 0
project-POS-APP-golang-integer/internal/data/repository/customer_repo.go:149.2,149.50 1 0
project-POS-APP-golang-integer/internal/data/repository/customer_repo.go:149.50,152.3 2 0
project-POS-APP-golang-integer/internal/data/repository/customer_repo.go:155.2,164.16 4 0
project-POS-APP-golang-integer/internal/data/repository/customer_repo.go:164.16,169.3 2 0
project-POS-APP-golang-integer/internal/data/repository/customer_repo.go:171.2,175.30 2 0
project-POS-APP-golang-integer/internal/data/repository/customer_repo.go:178.91,186.16 4 0
project-POS-APP-golang-integer/internal/data/repository/customer_repo.go:186.16,191.3 2 0
project-POS-APP-golang-integer/internal/data/repository/customer_repo.go:193.2,194.12 2 0
project-POS-APP-golang-integer/internal/data/repository/customer_repo.go:197.73,203.16 4 0
project-POS-APP-golang-integer/internal/data/repository/customer_repo.go:203.16,208.3 2 0
project-POS-APP-golang-integer/internal/data/repository/customer_repo.go:210.2,211.12 2 0
project-POS-APP-golang-integer/internal/data/repository/inventory_log.go:27.79,32.2 1 0
project-POS-APP-golang-integer/internal/data/repository/inventory_log.go:34.132,41.50 5 0
project-POS-APP-golang-integer/internal/data/repository/inventory_log.go:41.50,43.3 1 0
project-POS-APP-golang-integer/internal/data/repository/inventory_log.go:45.2,46.16 2 0
project-POS-APP-golang-integer/internal/data/repository/inventory_log.go:46.16,49.3 2 0
project-POS-APP-golang-integer/internal/data/repository/inventory_log.go:51.2,51.25 1 0
project-POS-APP-golang-integer/internal/data/repository/inventory_log.go:54.136,57.16 3 0
project-POS-APP-golang-integer/internal/data/repository/inventory_log.go:57.16,60.3 2 0
project-POS-APP-golang-integer/internal/data/repository/inventory_log.go:61.2,61.23 1 0
project-POS-APP-golang-integer/internal/data/repository/otp.go:23.61,28.2 1 0
project-POS-APP-golang-integer/internal/data/repository/otp.go:30.78,33.16 3 0
project-POS-APP-golang-integer/internal/data/repository/otp.go:33.16,36.3 2 0
project-POS-APP-golang-integer/internal/data/repository/otp.go:38.2,38.12 1 0
project-POS-APP-golang-integer/internal/data/repository/otp.go:41.80,46.16 4 0
project-POS-APP-golang-integer/internal/data/repository/otp.go:46.16,49.3 2 0
project-POS-APP-golang-integer/internal/data/repository/otp.go:51.2,51.12 1 0
project-POS-APP-golang-integer/internal/data/repository/otp.go:54.72,57.16 2 0
project-POS-APP-golang-integer/internal/data/repository/otp.go:57.16,59.3 1 0
project-POS-APP-golang-integer/internal/data/repository/otp.go:61.2,61.12 1 0
project-POS-APP-golang-integer/internal/data/repository/password_reset.go:24.81,29.2 1 0
project-POS-APP-golang-integer/internal/data/repository/password_reset.go:31.107,34.16 3 0
project-POS-APP-golang-integer/internal/data/repository/password_reset.go:34.16,37.3 2 0
project-POS-APP-golang-integer/internal/data/repository/password_reset.go:39.2,39.12 1 0
project-POS-APP-golang-integer/internal/data/repository/password_reset.go:42.104,58.16 6 0
project-POS-APP-golang-integer/internal/data/repository/password_reset.go:58.16,61.3 2 0
project-POS-APP-golang-integer/internal/data/repository/password_reset.go:63.2,63.25 1 0
project-POS-APP-golang-integer/internal/data/repository/password_reset.go:66.91,69.16 2 0
project-POS-APP-golang-integer/internal/data/repository/password_reset.go:69.16,71.3 1 0
project-POS-APP-golang-integer/internal/data/repository/password_reset.go:73.2,73.12 1 0
project-POS-APP-golang-integer/internal/data/repository/profile.go:23.69,28.2 1 1
project-POS-APP-golang-integer/internal/data/repository/profile.go:30.96,35.16 5 1
project-POS-APP-golang-integer/internal/data/repository/profile.go:35.16,38.3 2 1
project-POS-APP-golang-integer/internal/data/repository/profile.go:39.2,39.19 1 1
project-POS-APP-golang-integer/internal/data/repository/profile.go:42.114,45.16 3 1
project-POS-APP-golang-integer/internal/data/repository/profile.go:45.16,48.3 2 1
project-POS-APP-golang-integer/internal/data/repository/profile.go:49.2,49.21 1 1
project-POS-APP-golang-integer/internal/data/repository/profile.go:52.89,59.25 3 1
project-POS-APP-golang-integer/internal/data/repository/profile.go:59.25,62.3 2 1
project-POS-APP-golang-integer/internal/data/repository/profile.go:64.2,64.30 1 1
project-POS-APP-golang-integer/internal/data/repository/profile.go:64.30,66.3 1 1
project-POS-APP-golang-integer/internal/data/repository/profile.go:68.2,68.12 1 1
project-POS-APP-golang-integer/internal/data/repository/repository.go:21.62,34.2 1 0
project-POS-APP-golang-integer/internal/data/repository/reservation_repo.go:31.77,36.2 1 0
project-POS-APP-golang-integer/internal/data/repository/reservation_repo.go:38.123,48.16 4 0
project-POS-APP-golang-integer/internal/data/repository/reservation_repo.go:48.16,53.3 2 0
project-POS-APP-golang-integer/internal/data/repository/reservation_repo.go:55.2,59.25 2 0
project-POS-APP-golang-integer/internal/data/repository/reservation_repo.go:62.101,73.16 5 0
project-POS-APP-golang-integer/internal/data/repository/reservation_repo.go:73.16,74.36 1 0
project-POS-APP-golang-integer/internal/data/repository/reservation_repo.go:74.36,76.4 1 0
project-POS-APP-golang-integer/internal/data/repository/reservation_repo.go:76.9,80.4 1 0
project-POS-APP-golang-integer/internal/data/repository/reservation_repo.go:81.3,81.18 1 0
project-POS-APP-golang-integer/internal/data/repository/reservation_repo.go:84.2,85.26 2 0
project-POS-APP-golang-integer/internal/data/repository/reservation_repo.go:88.138,105.23 6 0
project-POS-APP-golang-integer/internal/data/repository/reservation_repo.go:105.23,107.17 2 0
project-POS-APP-golang-integer/internal/data/repository/reservation_repo.go:107.17,109.4 1 0
project-POS-APP-golang-integer/internal/data/repository/reservation_repo.go:112.2,112.25 1 0
project-POS-APP-golang-integer/internal/data/repository/reservation_repo.go:112.25,114.3 1 0
project-POS-APP-golang-integer/internal/data/repository/reservation_repo.go:116.2,116.27 1 0
project-POS-APP-golang-integer/internal/data/repository/reservation_repo.go:116.27,118.3 1 0
project-POS-APP-golang-integer/internal/data/repository/reservation_repo.go:120.2,120.24 1 0
project-POS-APP-golang-integer/internal/data/repository/reservation_repo.go:120.24,122.3 1 0
project-POS-APP-golang-integer/internal/data/repository/reservation_repo.go:125.2,125.50 1 0
project-POS-APP-golang-integer/internal/data/repository/reservation_repo.go:125.50,128.3 2 0
project-POS-APP-golang-integer/internal/data/repository/reservation_repo.go:131.2,140.16 4 0
project-POS-APP-golang-integer/internal/data/repository/reservation_repo.go:140.16,146.3 2 0
project-POS-APP-golang-integer/internal/data/repository/reservation_repo.go:148.2,152.33 2 0
project-POS-APP-golang-integer/internal/data/repository/reservation_repo.go:155.118,166.16 5 0
project-POS-APP-golang-integer/internal/data/repository/reservation_repo.go:166.16,171.3 2 0
project-POS-APP-golang-integer/internal/data/repository/reservation_repo.go:173.2,173.26 1 0
project-POS-APP-golang-integer/internal/data/repository/reservation_repo.go:176.111,187.16 5 0
project-POS-APP-golang-integer/internal/data/repository/reservation_repo.go:187.16,192.3 2 0
project-POS-APP-golang-integer/internal/data/repository/reservation_repo.go:194.2,194.26 1 0
project-POS-APP-golang-integer/internal/data/repository/reservation_repo.go:197.142,219.16 7 0
project-POS-APP-golang-integer/internal/data/repository/reservation_repo.go:219.16,224.3 2 0
project-POS-APP-golang-integer/internal/data/repository/reservation_repo.go:226.2,232.25 3 0
project-POS-APP-golang-integer/internal/data/repository/reservation_repo.go:235.100,243.16 4 0
project-POS-APP-golang-integer/internal/data/repository/reservation_repo.go:243.16,248.3 2 0
project-POS-APP-golang-integer/internal/data/repository/reservation_repo.go:250.2,251.12 2 0
project-POS-APP-golang-integer/internal/data/repository/reservation_repo.go:254.115,265.16 4 0
project-POS-APP-golang-integer/internal/data/repository/reservation_repo.go:265.16,270.3 2 0
project-POS-APP-golang-integer/internal/data/repository/reservation_repo.go:272.2,276.12 2 0
project-POS-APP-golang-integer/internal/data/repository/reservation_repo.go:279.76,285.16 4 0
project-POS-APP-golang-integer/internal/data/repository/reservation_repo.go:285.16,290.3 2 0
project-POS-APP-golang-integer/internal/data/repository/reservation_repo.go:292.2,293.12 2 0
project-POS-APP-golang-integer/internal/data/repository/session.go:26.69,31.2 1 0
project-POS-APP-golang-integer/internal/data/repository/session.go:33.89,37.16 3 0
project-POS-APP-golang-integer/internal/data/repository/session.go:37.16,40.3 2 0
project-POS-APP-golang-integer/internal/data/repository/session.go:42.2,50.16 3 0
project-POS-APP-golang-integer/internal/data/repository/session.go:50.16,53.3 2 0
project-POS-APP-golang-integer/internal/data/repository/session.go:55.2,55.19 1 0
project-POS-APP-golang-integer/internal/data/repository/session.go:58.93,73.16 5 0
project-POS-APP-golang-integer/internal/data/repository/session.go:73.16,76.3 2 0
project-POS-APP-golang-integer/internal/data/repository/session.go:78.2,78.25 1 0
project-POS-APP-golang-integer/internal/data/repository/session.go:81.77,85.16 3 0
project-POS-APP-golang-integer/internal/data/repository/session.go:85.16,87.3 1 0
project-POS-APP-golang-integer/internal/data/repository/session.go:89.2,89.12 1 0
project-POS-APP-golang-integer/internal/data/repository/table_repo.go:30.65,35.2 1 0
project-POS-APP-golang-integer/internal/data/repository/table_repo.go:37.99,45.16 4 0
project-POS-APP-golang-integer/internal/data/repository/table_repo.go:45.16,50.3 2 0
project-POS-APP-golang-integer/internal/data/repository/table_repo.go:52.2,56.19 2 0
project-POS-APP-golang-integer/internal/data/repository/table_repo.go:59.89,67.16 5 0
project-POS-APP-golang-integer/internal/data/repository/table_repo.go:67.16,68.36 1 0
project-POS-APP-golang-integer/internal/data/repository/table_repo.go:68.36,70.4 1 0
project-POS-APP-golang-integer/internal/data/repository/table_repo.go:70.9,74.4 1 0
project-POS-APP-golang-integer/internal/data/repository/table_repo.go:75.3,75.18 1 0
project-POS-APP-golang-integer/internal/data/repository/table_repo.go:78.2,78.20 1 0
project-POS-APP-golang-integer/internal/data/repository/table_repo.go:81.104,89.16 5 0
project-POS-APP-golang-integer/internal/data/repository/table_repo.go:89.16,90.36 1 0
project-POS-APP-golang-integer/internal/data/repository/table_repo.go:90.36,92.4 1 0
project-POS-APP-golang-integer/internal/data/repository/table_repo.go:92.9,96.4 1 0
project-POS-APP-golang-integer/internal/data/repository/table_repo.go:97.3,97.18 1 0
project-POS-APP-golang-integer/internal/data/repository/table_repo.go:100.2,100.20 1 0
project-POS-APP-golang-integer/internal/data/repository/table_repo.go:103.120,118.25 6 0
project-POS-APP-golang-integer/internal/data/repository/table_repo.go:118.25,120.3 1 0
project-POS-APP-golang-integer/internal/data/repository/table_repo.go:122.2,122.28 1 0
project-POS-APP-golang-integer/internal/data/repository/table_repo.go:122.28,124.3 1 0
project-POS-APP-golang-integer/internal/data/repository/table_repo.go:127.2,127.50 1 0
project-POS-APP-golang-integer/internal/data/repository/table_repo.go:127.50,130.3 2 0
project-POS-APP-golang-integer/internal/data/repository/table_repo.go:133.2,142.16 4 0
project-POS-APP-golang-integer/internal/data/repository/table_repo.go:142.16,148.3 2 0
project-POS-APP-golang-integer/internal/data/repository/table_repo.go:150.2,154.27 2 0
project-POS-APP-golang-integer/internal/data/repository/table_repo.go:157.104,168.16 5 0
project-POS-APP-golang-integer/internal/data/repository/table_repo.go:168.16,173.3 2 0
project-POS-APP-golang-integer/internal/data/repository/table_repo.go:175.2,179.20 2 0
project-POS-APP-golang-integer/internal/data/repository/table_repo.go:182.112,193.16 5 0
project-POS-APP-golang-integer/internal/data/repository/table_repo.go:193.16,198.3 2 0
project-POS-APP-golang-integer/internal/data/repository/table_repo.go:200.2,200.20 1 0
project-POS-APP-golang-integer/internal/data/repository/table_repo.go:203.82,211.16 4 0
project-POS-APP-golang-integer/internal/data/repository/table_repo.go:211.16,216.3 2 0
project-POS-APP-golang-integer/internal/data/repository/table_repo.go:218.2,219.12 2 0
project-POS-APP-golang-integer/internal/data/repository/table_repo.go:222.103,233.16 4 0
project-POS-APP-golang-integer/internal/data/repository/table_repo.go:233.16,239.3 2 0
project-POS-APP-golang-integer/internal/data/repository/table_repo.go:241.2,245.12 2 0
project-POS-APP-golang-integer/internal/data/repository/table_repo.go:248.70,254.16 4 0
project-POS-APP-golang-integer/internal/data/repository/table_repo.go:254.16,259.3 2 0
project-POS-APP-golang-integer/internal/data/repository/table_repo.go:261.2,262.12 2 0
project-POS-APP-golang-integer/internal/data/repository/user.go:29.63,34.2 1 0
project-POS-APP-golang-integer/internal/data/repository/user.go:44.99,47.16 3 0
project-POS-APP-golang-integer/internal/data/repository/user.go:47.16,50.3 2 0
project-POS-APP-golang-integer/internal/data/repository/user.go:51.2,51.18 1 0
project-POS-APP-golang-integer/internal/data/repository/user.go:54.99,59.16 5 0
project-POS-APP-golang-integer/internal/data/repository/user.go:59.16,61.3 1 0
project-POS-APP-golang-integer/internal/data/repository/user.go:62.2,62.19 1 0
project-POS-APP-golang-integer/internal/data/repository/user.go:65.108,72.18 5 0
project-POS-APP-golang-integer/internal/data/repository/user.go:72.18,74.3 1 0
project-POS-APP-golang-integer/internal/data/repository/user.go:77.2,77.18 1 0
project-POS-APP-golang-integer/internal/data/repository/user.go:77.18,81.3 2 0
project-POS-APP-golang-integer/internal/data/repository/user.go:84.2,84.19 1 0
project-POS-APP-golang-integer/internal/data/repository/user.go:84.19,87.3 2 0
project-POS-APP-golang-integer/internal/data/repository/user.go:90.2,90.50 1 0
project-POS-APP-golang-integer/internal/data/repository/user.go:90.50,92.3 1 0
project-POS-APP-golang-integer/internal/data/repository/user.go:94.2,95.16 2 0
project-POS-APP-golang-integer/internal/data/repository/user.go:95.16,98.3 2 0
project-POS-APP-golang-integer/internal/data/repository/user.go:100.2,100.26 1 0
project-POS-APP-golang-integer/internal/data/repository/user.go:103.89,114.16 4 0
project-POS-APP-golang-integer/internal/data/repository/user.go:114.16,115.45 1 0
project-POS-APP-golang-integer/internal/data/repository/user.go:115.45,117.4 1 0
project-POS-APP-golang-integer/internal/data/repository/user.go:119.3,120.19 2 0
project-POS-APP-golang-integer/internal/data/repository/user.go:123.2,123.18 1 0
project-POS-APP-golang-integer/internal/data/repository/user.go:126.89,133.25 3 0
project-POS-APP-golang-integer/internal/data/repository/user.go:133.25,136.3 2 0
project-POS-APP-golang-integer/internal/data/repository/user.go:138.2,138.30 1 0
project-POS-APP-golang-integer/internal/data/repository/user.go:138.30,140.3 1 0
project-POS-APP-golang-integer/internal/data/repository/user.go:142.2,142.12 1 0
project-POS-APP-golang-integer/internal/data/repository/user.go:145.73,148.16 3 0
project-POS-APP-golang-integer/internal/data/repository/user.go:148.16,151.3 2 0
project-POS-APP-golang-integer/internal/data/repository/user.go:152.2,152.12 1 0
project-POS-APP-golang-integer/internal/adaptor/adaptor.go:18.90,26.2 1 0
project-POS-APP-golang-integer/internal/adaptor/auth.go:19.107,25.2 1 0
project-POS-APP-golang-integer/internal/adaptor/auth.go:27.45,29.47 2 0
project-POS-APP-golang-integer/internal/adaptor/auth.go:29.47,32.3 2 0
project-POS-APP-golang-integer/internal/adaptor/auth.go:35.2,36.16 2 0
project-POS-APP-golang-integer/internal/adaptor/auth.go:36.16,39.3 2 0
project-POS-APP-golang-integer/internal/adaptor/auth.go:41.2,42.16 2 0
project-POS-APP-golang-integer/internal/adaptor/auth.go:42.16,45.3 2 0
project-POS-APP-golang-integer/internal/adaptor/auth.go:47.2,47.63 1 0
project-POS-APP-golang-integer/internal/adaptor/auth.go:50.60,52.47 2 0
project-POS-APP-golang-integer/internal/adaptor/auth.go:52.47,55.3 2 0
project-POS-APP-golang-integer/internal/adaptor/auth.go:58.2,59.16 2 0
project-POS-APP-golang-integer/internal/adaptor/auth.go:59.16,62.3 2 0
project-POS-APP-golang-integer/internal/adaptor/auth.go:64.2,65.16 2 0
project-POS-APP-golang-integer/internal/adaptor/auth.go:65.16,68.3 2 0
project-POS-APP-golang-integer/internal/adaptor/auth.go:70.2,70.66 1 0
project-POS-APP-golang-integer/internal/adaptor/auth.go:73.53,75.47 2 0
project-POS-APP-golang-integer/internal/adaptor/auth.go:75.47,78.3 2 0
project-POS-APP-golang-integer/internal/adaptor/auth.go:81.2,82.16 2 0
project-POS-APP-golang-integer/internal/adaptor/auth.go:82.16,85.3 2 0
project-POS-APP-golang-integer/internal/adaptor/auth.go:87.2,88.16 2 0
project-POS-APP-golang-integer/internal/adaptor/auth.go:88.16,91.3 2 0
project-POS-APP-golang-integer/internal/adaptor/auth.go:93.2,93.72 1 0
project-POS-APP-golang-integer/internal/adaptor/auth.go:96.47,98.2 0 0
project-POS-APP-golang-integer/internal/adaptor/inventory_log.go:19.131,25.2 1 0
project-POS-APP-golang-integer/internal/adaptor/inventory_log.go:27.64,30.16 3 0
project-POS-APP-golang-integer/internal/adaptor/inventory_log.go:30.16,33.3 2 0
project-POS-APP-golang-integer/internal/adaptor/inventory_log.go:35.2,35.79 1 0
project-POS-APP-golang-integer/internal/adaptor/inventory_log.go:38.66,40.47 2 0
project-POS-APP-golang-integer/internal/adaptor/inventory_log.go:40.47,43.3 2 0
project-POS-APP-golang-integer/internal/adaptor/inventory_log.go:46.2,47.16 2 0
project-POS-APP-golang-integer/internal/adaptor/inventory_log.go:47.16,50.3 2 0
project-POS-APP-golang-integer/internal/adaptor/inventory_log.go:52.2,53.16 2 0
project-POS-APP-golang-integer/internal/adaptor/inventory_log.go:53.16,56.3 2 0
project-POS-APP-golang-integer/internal/adaptor/inventory_log.go:58.2,58.83 1 0
project-POS-APP-golang-integer/internal/adaptor/profile.go:19.116,25.2 1 0
project-POS-APP-golang-integer/internal/adaptor/profile.go:27.53,29.16 2 0
project-POS-APP-golang-integer/internal/adaptor/profile.go:29.16,32.3 2 0
project-POS-APP-golang-integer/internal/adaptor/profile.go:34.2,34.72 1 0
project-POS-APP-golang-integer/internal/adaptor/profile.go:37.56,39.47 2 0
project-POS-APP-golang-integer/internal/adaptor/profile.go:39.47,42.3 2 0
project-POS-APP-golang-integer/internal/adaptor/profile.go:45.2,46.16 2 0
project-POS-APP-golang-integer/internal/adaptor/profile.go:46.16,49.3 2 0
project-POS-APP-golang-integer/internal/adaptor/profile.go:51.2,52.16 2 0
project-POS-APP-golang-integer/internal/adaptor/profile.go:52.16,55.3 2 0
project-POS-APP-golang-integer/internal/adaptor/profile.go:57.2,57.77 1 0
project-POS-APP-golang-integer/internal/adaptor/reservation_hdl.go:20.128,26.2 1 0
project-POS-APP-golang-integer/internal/adaptor/reservation_hdl.go:29.64,32.47 2 0
project-POS-APP-golang-integer/internal/adaptor/reservation_hdl.go:32.47,38.3 3 0
project-POS-APP-golang-integer/internal/adaptor/reservation_hdl.go:41.2,41.68 1 0
project-POS-APP-golang-integer/internal/adaptor/reservation_hdl.go:41.68,46.3 3 0
project-POS-APP-golang-integer/internal/adaptor/reservation_hdl.go:48.2,49.16 2 0
project-POS-APP-golang-integer/internal/adaptor/reservation_hdl.go:49.16,54.33 2 0
project-POS-APP-golang-integer/internal/adaptor/reservation_hdl.go:54.33,56.4 1 0
project-POS-APP-golang-integer/internal/adaptor/reservation_hdl.go:56.9,58.4 1 0
project-POS-APP-golang-integer/internal/adaptor/reservation_hdl.go:59.3,59.9 1 0
project-POS-APP-golang-integer/internal/adaptor/reservation_hdl.go:62.2,66.95 2 0
project-POS-APP-golang-integer/internal/adaptor/reservation_hdl.go:70.62,73.48 2 0
project-POS-APP-golang-integer/internal/adaptor/reservation_hdl.go:73.48,79.3 3 0
project-POS-APP-golang-integer/internal/adaptor/reservation_hdl.go:81.2,82.16 2 0
project-POS-APP-golang-integer/internal/adaptor/reservation_hdl.go:82.16,88.3 3 0
project-POS-APP-golang-integer/internal/adaptor/reservation_hdl.go:90.2,95.28 2 0
project-POS-APP-golang-integer/internal/adaptor/reservation_hdl.go:99.65,102.16 3 0
project-POS-APP-golang-integer/internal/adaptor/reservation_hdl.go:102.16,108.3 3 0
project-POS-APP-golang-integer/internal/adaptor/reservation_hdl.go:110.2,111.16 2 0
project-POS-APP-golang-integer/internal/adaptor/reservation_hdl.go:111.16,116.42 2 0
project-POS-APP-golang-integer/internal/adaptor/reservation_hdl.go:116.42,118.4 1 0
project-POS-APP-golang-integer/internal/adaptor/reservation_hdl.go:118.9,120.4 1 0
project-POS-APP-golang-integer/internal/adaptor/reservation_hdl.go:121.3,121.9 1 0
project-POS-APP-golang-integer/internal/adaptor/reservation_hdl.go:124.2,124.92 1 0
project-POS-APP-golang-integer/internal/adaptor/reservation_hdl.go:128.70,131.16 3 0
project-POS-APP-golang-integer/internal/adaptor/reservation_hdl.go:131.16,137.3 3 0
project-POS-APP-golang-integer/internal/adaptor/reservation_hdl.go:139.2,140.47 2 0
project-POS-APP-golang-integer/internal/adaptor/reservation_hdl.go:140.47,146.3 3 0
project-POS-APP-golang-integer/internal/adaptor/reservation_hdl.go:149.2,149.68 1 0
project-POS-APP-golang-integer/internal/adaptor/reservation_hdl.go:149.68,154.3 3 0
project-POS-APP-golang-integer/internal/adaptor/reservation_hdl.go:156.2,156.101 1 0
project-POS-APP-golang-integer/internal/adaptor/reservation_hdl.go:156.101,162.42 2 0
project-POS-APP-golang-integer/internal/adaptor/reservation_hdl.go:162.42,164.4 1 0
project-POS-APP-golang-integer/internal/adaptor/reservation_hdl.go:164.9,164.40 1 0
project-POS-APP-golang-integer/internal/adaptor/reservation_hdl.go:164.40,166.4 1 0
project-POS-APP-golang-integer/internal/adaptor/reservation_hdl.go:166.9,168.4 1 0
project-POS-APP-golang-integer/internal/adaptor/reservation_hdl.go:169.3,169.9 1 0
project-POS-APP-golang-integer/internal/adaptor/reservation_hdl.go:172.2,176.89 2 0
project-POS-APP-golang-integer/internal/adaptor/reservation_hdl.go:180.64,183.16 3 0
project-POS-APP-golang-integer/internal/adaptor/reservation_hdl.go:183.16,189.3 3 0
project-POS-APP-golang-integer/internal/adaptor/reservation_hdl.go:191.2,195.47 2 0
project-POS-APP-golang-integer/internal/adaptor/reservation_hdl.go:195.47,200.3 3 0
project-POS-APP-golang-integer/internal/adaptor/reservation_hdl.go:202.2,202.95 1 0
project-POS-APP-golang-integer/internal/adaptor/reservation_hdl.go:202.95,208.42 2 0
project-POS-APP-golang-integer/internal/adaptor/reservation_hdl.go:208.42,210.4 1 0
project-POS-APP-golang-integer/internal/adaptor/reservation_hdl.go:210.9,210.40 1 0
project-POS-APP-golang-integer/internal/adaptor/reservation_hdl.go:210.40,212.4 1 0
project-POS-APP-golang-integer/internal/adaptor/reservation_hdl.go:212.9,214.4 1 0
project-POS-APP-golang-integer/internal/adaptor/reservation_hdl.go:215.3,215.9 1 0
project-POS-APP-golang-integer/internal/adaptor/reservation_hdl.go:218.2,222.84 2 0
project-POS-APP-golang-integer/internal/adaptor/reservation_hdl.go:226.54,229.16 3 0
project-POS-APP-golang-integer/internal/adaptor/reservation_hdl.go:229.16,235.3 3 0
project-POS-APP-golang-integer/internal/adaptor/reservation_hdl.go:237.2,237.73 1 0
project-POS-APP-golang-integer/internal/adaptor/reservation_hdl.go:237.73,242.42 2 0
project-POS-APP-golang-integer/internal/adaptor/reservation_hdl.go:242.42,244.4 1 0
project-POS-APP-golang-integer/internal/adaptor/reservation_hdl.go:244.9,244.40 1 0
project-POS-APP-golang-integer/internal/adaptor/reservation_hdl.go:244.40,246.4 1 0
project-POS-APP-golang-integer/internal/adaptor/reservation_hdl.go:246.9,248.4 1 0
project-POS-APP-golang-integer/internal/adaptor/reservation_hdl.go:249.3,249.9 1 0
project-POS-APP-golang-integer/internal/adaptor/reservation_hdl.go:252.2,253.85 2 0
project-POS-APP-golang-integer/internal/adaptor/reservation_hdl.go:257.65,262.46 4 0
project-POS-APP-golang-integer/internal/adaptor/reservation_hdl.go:262.46,269.3 3 0
project-POS-APP-golang-integer/internal/adaptor/reservation_hdl.go:271.2,272.28 2 0
project-POS-APP-golang-integer/internal/adaptor/reservation_hdl.go:272.28,278.3 3 0
project-POS-APP-golang-integer/internal/adaptor/reservation_hdl.go:280.2,281.16 2 0
project-POS-APP-golang-integer/internal/adaptor/reservation_hdl.go:281.16,288.33 2 0
project-POS-APP-golang-integer/internal/adaptor/reservation_hdl.go:288.33,290.4 1 0
project-POS-APP-golang-integer/internal/adaptor/reservation_hdl.go:290.9,292.4 1 0
project-POS-APP-golang-integer/internal/adaptor/reservation_hdl.go:293.3,293.9 1 0
project-POS-APP-golang-integer/internal/adaptor/reservation_hdl.go:296.2,299.92 2 0
project-POS-APP-golang-integer/internal/adaptor/user.go:21.107,27.2 1 0
project-POS-APP-golang-integer/internal/adaptor/user.go:29.51,39.16 3 0
project-POS-APP-golang-integer/internal/adaptor/user.go:39.16,42.3 2 0
project-POS-APP-golang-integer/internal/adaptor/user.go:44.2,45.16 2 0
project-POS-APP-golang-integer/internal/adaptor/user.go:45.16,48.3 2 0
project-POS-APP-golang-integer/internal/adaptor/user.go:50.2,50.74 1 0
project-POS-APP-golang-integer/internal/adaptor/user.go:53.50,55.47 2 0
project-POS-APP-golang-integer/internal/adaptor/user.go:55.47,58.3 2 0
project-POS-APP-golang-integer/internal/adaptor/user.go:61.2,62.16 2 0
project-POS-APP-golang-integer/internal/adaptor/user.go:62.16,65.3 2 0
project-POS-APP-golang-integer/internal/adaptor/user.go:67.2,68.80 2 0
project-POS-APP-golang-integer/internal/adaptor/user.go:68.80,71.3 2 0
project-POS-APP-golang-integer/internal/adaptor/user.go:73.2,74.16 2 0
project-POS-APP-golang-integer/internal/adaptor/user.go:74.16,77.3 2 0
project-POS-APP-golang-integer/internal/adaptor/user.go:79.2,79.74 1 0
project-POS-APP-golang-integer/internal/adaptor/user.go:82.50,84.47 2 0
project-POS-APP-golang-integer/internal/adaptor/user.go:84.47,87.3 2 0
project-POS-APP-golang-integer/internal/adaptor/user.go:90.2,91.16 2 0
project-POS-APP-golang-integer/internal/adaptor/user.go:91.16,94.3 2 0
project-POS-APP-golang-integer/internal/adaptor/user.go:96.2,97.80 2 0
project-POS-APP-golang-integer/internal/adaptor/user.go:97.80,100.3 2 0
project-POS-APP-golang-integer/internal/adaptor/user.go:102.2,103.16 2 0
project-POS-APP-golang-integer/internal/adaptor/user.go:103.16,106.3 2 0
project-POS-APP-golang-integer/internal/adaptor/user.go:108.2,108.74 1 0
project-POS-APP-golang-integer/internal/adaptor/user.go:111.50,115.16 4 0
project-POS-APP-golang-integer/internal/adaptor/user.go:115.16,118.3 2 0
project-POS-APP-golang-integer/internal/adaptor/user.go:120.2,120.74 1 0
project-POS-APP-golang-integer/internal/data/seeder/category.go:9.60,14.15 4 0
project-POS-APP-golang-integer/internal/data/seeder/category.go:14.15,17.3 2 0
project-POS-APP-golang-integer/internal/data/seeder/category.go:19.2,42.53 2 0
project-POS-APP-golang-integer/internal/data/seeder/category.go:42.53,44.3 1 0
project-POS-APP-golang-integer/internal/data/seeder/category.go:46.2,46.24 1 0
project-POS-APP-golang-integer/internal/data/seeder/customer.go:9.60,14.15 4 0
project-POS-APP-golang-integer/internal/data/seeder/customer.go:14.15,17.3 2 0
project-POS-APP-golang-integer/internal/data/seeder/customer.go:19.2,43.52 2 0
project-POS-APP-golang-integer/internal/data/seeder/customer.go:43.52,45.3 1 0
project-POS-APP-golang-integer/internal/data/seeder/customer.go:47.2,47.23 1 0
project-POS-APP-golang-integer/internal/data/seeder/inventory_log.go:10.70,11.23 1 0
project-POS-APP-golang-integer/internal/data/seeder/inventory_log.go:11.23,13.3 1 0
project-POS-APP-golang-integer/internal/data/seeder/inventory_log.go:15.2,17.15 3 0
project-POS-APP-golang-integer/internal/data/seeder/inventory_log.go:17.15,19.3 1 0
project-POS-APP-golang-integer/internal/data/seeder/inventory_log.go:21.2,39.31 2 0
project-POS-APP-golang-integer/internal/data/seeder/notification.go:10.64,11.20 1 0
project-POS-APP-golang-integer/internal/data/seeder/notification.go:11.20,13.3 1 0
project-POS-APP-golang-integer/internal/data/seeder/notification.go:15.2,17.15 3 0
project-POS-APP-golang-integer/internal/data/seeder/notification.go:17.15,19.3 1 0
project-POS-APP-golang-integer/internal/data/seeder/notification.go:21.2,37.40 2 0
project-POS-APP-golang-integer/internal/data/seeder/order.go:9.77,14.15 4 0
project-POS-APP-golang-integer/internal/data/seeder/order.go:14.15,17.3 2 0
project-POS-APP-golang-integer/internal/data/seeder/order.go:19.2,44.49 2 0
project-POS-APP-golang-integer/internal/data/seeder/order.go:44.49,46.3 1 0
project-POS-APP-golang-integer/internal/data/seeder/order.go:48.2,48.20 1 0
project-POS-APP-golang-integer/internal/data/seeder/order_item.go:10.90,11.23 1 0
project-POS-APP-golang-integer/internal/data/seeder/order_item.go:11.23,13.3 1 0
project-POS-APP-golang-integer/internal/data/seeder/order_item.go:15.2,17.15 3 0
project-POS-APP-golang-integer/internal/data/seeder/order_item.go:17.15,19.3 1 0
project-POS-APP-golang-integer/internal/data/seeder/order_item.go:21.2,36.37 2 0
project-POS-APP-golang-integer/internal/data/seeder/otp.go:12.55,13.20 1 0
project-POS-APP-golang-integer/internal/data/seeder/otp.go:13.20,15.3 1 0
project-POS-APP-golang-integer/internal/data/seeder/otp.go:17.2,19.15 3 0
project-POS-APP-golang-integer/internal/data/seeder/otp.go:19.15,21.3 1 0
project-POS-APP-golang-integer/internal/data/seeder/otp.go:23.2,46.31 5 0
project-POS-APP-golang-integer/internal/data/seeder/payment_method.go:10.70,15.15 4 0
project-POS-APP-golang-integer/internal/data/seeder/payment_method.go:15.15,18.3 2 0
project-POS-APP-golang-integer/internal/data/seeder/payment_method.go:20.2,38.51 2 0
project-POS-APP-golang-integer/internal/data/seeder/payment_method.go:38.51,40.3 1 0
project-POS-APP-golang-integer/internal/data/seeder/payment_method.go:42.2,42.22 1 0
project-POS-APP-golang-integer/internal/data/seeder/product.go:10.79,11.16 1 0
project-POS-APP-golang-integer/internal/data/seeder/product.go:11.16,13.3 1 0
project-POS-APP-golang-integer/internal/data/seeder/product.go:15.2,18.15 4 0
project-POS-APP-golang-integer/internal/data/seeder/product.go:18.15,21.3 2 0
project-POS-APP-golang-integer/internal/data/seeder/product.go:23.2,56.51 2 0
project-POS-APP-golang-integer/internal/data/seeder/product.go:56.51,58.3 1 0
project-POS-APP-golang-integer/internal/data/seeder/product.go:60.2,60.22 1 0
project-POS-APP-golang-integer/internal/data/seeder/profile.go:12.79,13.20 1 0
project-POS-APP-golang-integer/internal/data/seeder/profile.go:13.20,15.3 1 0
project-POS-APP-golang-integer/internal/data/seeder/profile.go:17.2,19.15 3 0
project-POS-APP-golang-integer/internal/data/seeder/profile.go:19.15,22.3 2 0
project-POS-APP-golang-integer/internal/data/seeder/profile.go:24.2,54.51 2 0
project-POS-APP-golang-integer/internal/data/seeder/profile.go:54.51,56.3 1 0
project-POS-APP-golang-integer/internal/data/seeder/profile.go:58.2,58.22 1 0
project-POS-APP-golang-integer/internal/data/seeder/reservation.go:12.94,13.24 1 0
project-POS-APP-golang-integer/internal/data/seeder/reservation.go:13.24,15.3 1 0
project-POS-APP-golang-integer/internal/data/seeder/reservation.go:17.2,17.21 1 0
project-POS-APP-golang-integer/internal/data/seeder/reservation.go:17.21,19.3 1 0
project-POS-APP-golang-integer/internal/data/seeder/reservation.go:21.2,23.15 3 0
project-POS-APP-golang-integer/internal/data/seeder/reservation.go:23.15,25.3 1 0
project-POS-APP-golang-integer/internal/data/seeder/reservation.go:27.2,50.39 2 0
project-POS-APP-golang-integer/internal/data/seeder/session.go:12.59,13.20 1 0
project-POS-APP-golang-integer/internal/data/seeder/session.go:13.20,15.3 1 0
project-POS-APP-golang-integer/internal/data/seeder/session.go:17.2,19.15 3 0
project-POS-APP-golang-integer/internal/data/seeder/session.go:19.15,21.3 1 0
project-POS-APP-golang-integer/internal/data/seeder/session.go:23.2,47.35 5 0
project-POS-APP-golang-integer/internal/data/seeder/shift.go:13.63,14.23 1 0
project-POS-APP-golang-integer/internal/data/seeder/shift.go:14.23,16.3 1 0
project-POS-APP-golang-integer/internal/data/seeder/shift.go:18.2,20.15 3 0
project-POS-APP-golang-integer/internal/data/seeder/shift.go:20.15,22.3 1 0
project-POS-APP-golang-integer/internal/data/seeder/shift.go:24.2,25.16 2 0
project-POS-APP-golang-integer/internal/data/seeder/shift.go:25.16,27.3 1 0
project-POS-APP-golang-integer/internal/data/seeder/shift.go:29.2,34.35 4 0
project-POS-APP-golang-integer/internal/data/seeder/shift.go:34.35,47.3 4 0
project-POS-APP-golang-integer/internal/data/seeder/shift.go:49.2,58.24 1 0
project-POS-APP-golang-integer/internal/data/seeder/table.go:9.55,14.15 4 0
project-POS-APP-golang-integer/internal/data/seeder/table.go:14.15,17.3 2 0
project-POS-APP-golang-integer/internal/data/seeder/table.go:19.2,47.49 2 0
project-POS-APP-golang-integer/internal/data/seeder/table.go:47.49,49.3 1 0
project-POS-APP-golang-integer/internal/data/seeder/table.go:51.2,51.20 1 0
project-POS-APP-golang-integer/internal/data/seeder/transaction.go:11.98,12.21 1 0
project-POS-APP-golang-integer/internal/data/seeder/transaction.go:12.21,14.3 1 0
project-POS-APP-golang-integer/internal/data/seeder/transaction.go:16.2,16.23 1 0
project-POS-APP-golang-integer/internal/data/seeder/transaction.go:16.23,18.3 1 0
project-POS-APP-golang-integer/internal/data/seeder/transaction.go:20.2,22.15 3 0
project-POS-APP-golang-integer/internal/data/seeder/transaction.go:22.15,24.3 1 0
project-POS-APP-golang-integer/internal/data/seeder/transaction.go:26.2,50.39 2 0
project-POS-APP-golang-integer/internal/data/seeder/user.go:10.52,15.15 4 0
project-POS-APP-golang-integer/internal/data/seeder/user.go:15.15,18.3 2 0
project-POS-APP-golang-integer/internal/data/seeder/user.go:20.2,38.48 2 0
project-POS-APP-golang-integer/internal/data/seeder/user.go:38.48,40.3 1 0
project-POS-APP-golang-integer/internal/data/seeder/user.go:42.2,42.19 1 0
project-POS-APP-golang-integer/internal/dto/response/customer.go:26.69,37.2 1 0
project-POS-APP-golang-integer/internal/dto/response/customer.go:39.117,45.2 1 0
project-POS-APP-golang-integer/internal/dto/response/pagination.go:20.25,23.30 2 0
project-POS-APP-golang-integer/internal/dto/response/pagination.go:23.30,25.3 1 0
project-POS-APP-golang-integer/internal/dto/response/pagination.go:27.2,35.3 1 0
project-POS-APP-golang-integer/internal/dto/response/reservation.go:28.81,31.43 2 0
project-POS-APP-golang-integer/internal/dto/response/reservation.go:31.43,33.3 1 0
project-POS-APP-golang-integer/internal/dto/response/reservation.go:35.2,36.43 2 0
project-POS-APP-golang-integer/internal/dto/response/reservation.go:36.43,38.3 1 0
project-POS-APP-golang-integer/internal/dto/response/reservation.go:40.2,53.3 1 0
project-POS-APP-golang-integer/internal/dto/response/reservation.go:56.93,60.2 1 0
project-POS-APP-golang-integer/internal/dto/response/table.go:18.57,27.2 1 0
project-POS-APP-golang-integer/internal/data/repository/mocks/profile.go:15.94,18.2 2 0
project-POS-APP-golang-integer/internal/data/repository/mocks/profile.go:20.112,23.2 2 0
project-POS-APP-golang-integer/internal/data/repository/mocks/profile.go:25.93,28.2 2 0
project-POS-APP-golang-integer/internal/data/repository/mocks/user.go:16.117,19.2 2 0
project-POS-APP-golang-integer/internal/data/repository/mocks/user.go:21.97,24.2 2 0
project-POS-APP-golang-integer/internal/data/repository/mocks/user.go:26.87,29.2 2 0
project-POS-APP-golang-integer/internal/data/repository/mocks/user.go:31.97,34.2 2 0
project-POS-APP-golang-integer/internal/data/repository/mocks/user.go:36.90,39.2 2 0
project-POS-APP-golang-integer/internal/data/repository/mocks/user.go:41.71,44.2 2 0
project-POS-APP-golang-integer/internal/dto/request/pagination.go:9.42,10.16 1 0
project-POS-APP-golang-integer/internal/dto/request/pagination.go:10.16,12.3 1 0
project-POS-APP-golang-integer/internal/dto/request/pagination.go:13.2,13.15 1 0
project-POS-APP-golang-integer/internal/dto/request/pagination.go:16.45,17.19 1 0
project-POS-APP-golang-integer/internal/dto/request/pagination.go:17.19,19.3 1 0
project-POS-APP-golang-integer/internal/dto/request/pagination.go:20.2,20.21 1 0
project-POS-APP-golang-integer/internal/dto/request/pagination.go:20.21,22.3 1 0
project-POS-APP-golang-integer/internal/dto/request/pagination.go:23.2,23.18 1 0
project-POS-APP-golang-integer/internal/dto/request/pagination.go:26.44,28.2 1 0
project-POS-APP-golang-integer/internal/infra/get_db.go:9.55,10.49 1 0
project-POS-APP-golang-integer/internal/infra/get_db.go:10.49,12.3 1 0
project-POS-APP-golang-integer/internal/infra/get_db.go:13.2,13.11 1 0
project-POS-APP-golang-integer/internal/infra/mock.go:13.97,15.15 2 0
project-POS-APP-golang-integer/internal/infra/mock.go:15.15,17.3 1 0
project-POS-APP-golang-integer/internal/infra/mock.go:18.2,18.22 1 0
project-POS-APP-golang-integer/internal/infra/tx_manager.go:15.51,17.2 1 0
project-POS-APP-golang-integer/internal/infra/tx_manager.go:22.9,23.68 1 0
project-POS-APP-golang-integer/internal/infra/tx_manager.go:23.68,26.3 2 0
project-POS-APP-golang-integer/internal/usecase/auth.go:32.121,39.2 1 0
project-POS-APP-golang-integer/internal/usecase/auth.go:41.109,44.35 2 0
project-POS-APP-golang-integer/internal/usecase/auth.go:44.35,47.3 2 0
project-POS-APP-golang-integer/internal/usecase/auth.go:49.2,49.16 1 0
project-POS-APP-golang-integer/internal/usecase/auth.go:49.16,52.3 2 0
project-POS-APP-golang-integer/internal/usecase/auth.go:55.2,55.60 1 0
project-POS-APP-golang-integer/internal/usecase/auth.go:55.60,58.3 2 0
project-POS-APP-golang-integer/internal/usecase/auth.go:61.2,62.16 2 0
project-POS-APP-golang-integer/internal/usecase/auth.go:62.16,65.3 2 0
project-POS-APP-golang-integer/internal/usecase/auth.go:67.2,71.18 2 0
project-POS-APP-golang-integer/internal/usecase/auth.go:74.87,77.16 2 0
project-POS-APP-golang-integer/internal/usecase/auth.go:77.16,80.3 2 0
project-POS-APP-golang-integer/internal/usecase/auth.go:82.2,82.20 1 0
project-POS-APP-golang-integer/internal/usecase/auth.go:85.71,87.16 2 0
project-POS-APP-golang-integer/internal/usecase/auth.go:87.16,90.3 2 0
project-POS-APP-golang-integer/internal/usecase/auth.go:91.2,91.12 1 0
project-POS-APP-golang-integer/internal/usecase/auth.go:94.110,97.16 2 0
project-POS-APP-golang-integer/internal/usecase/auth.go:97.16,100.3 2 0
project-POS-APP-golang-integer/internal/usecase/auth.go:103.2,110.16 4 0
project-POS-APP-golang-integer/internal/usecase/auth.go:110.16,113.3 2 0
project-POS-APP-golang-integer/internal/usecase/auth.go:117.2,122.18 2 0
project-POS-APP-golang-integer/internal/usecase/auth.go:125.119,128.16 2 0
project-POS-APP-golang-integer/internal/usecase/auth.go:128.16,131.3 2 0
project-POS-APP-golang-integer/internal/usecase/auth.go:134.2,135.16 2 0
project-POS-APP-golang-integer/internal/usecase/auth.go:135.16,138.3 2 0
project-POS-APP-golang-integer/internal/usecase/auth.go:141.2,149.16 4 0
project-POS-APP-golang-integer/internal/usecase/auth.go:149.16,152.3 2 0
project-POS-APP-golang-integer/internal/usecase/auth.go:154.2,158.18 2 0
project-POS-APP-golang-integer/internal/usecase/auth.go:161.91,194.2 1 0
project-POS-APP-golang-integer/internal/usecase/category.go:16.85,18.2 1 0
project-POS-APP-golang-integer/internal/usecase/category.go:20.84,23.16 2 0
project-POS-APP-golang-integer/internal/usecase/category.go:23.16,25.3 1 0
project-POS-APP-golang-integer/internal/usecase/category.go:28.2,29.38 2 0
project-POS-APP-golang-integer/internal/usecase/category.go:29.38,38.3 1 0
project-POS-APP-golang-integer/internal/usecase/category.go:40.2,40.31 1 0
project-POS-APP-golang-integer/internal/usecase/inventory_log.go:25.109,31.2 1 0
project-POS-APP-golang-integer/internal/usecase/inventory_log.go:33.170,41.16 3 0
project-POS-APP-golang-integer/internal/usecase/inventory_log.go:41.16,44.3 2 0
project-POS-APP-golang-integer/internal/usecase/inventory_log.go:47.2,48.25 2 0
project-POS-APP-golang-integer/internal/usecase/inventory_log.go:48.25,62.3 2 0
project-POS-APP-golang-integer/internal/usecase/inventory_log.go:64.2,69.8 1 0
project-POS-APP-golang-integer/internal/usecase/inventory_log.go:72.150,81.60 2 0
project-POS-APP-golang-integer/internal/usecase/inventory_log.go:81.60,91.30 1 0
project-POS-APP-golang-integer/internal/usecase/inventory_log.go:91.30,94.4 2 0
project-POS-APP-golang-integer/internal/usecase/inventory_log.go:96.3,96.33 1 0
project-POS-APP-golang-integer/internal/usecase/inventory_log.go:96.33,99.4 2 0
project-POS-APP-golang-integer/internal/usecase/inventory_log.go:101.3,102.17 2 0
project-POS-APP-golang-integer/internal/usecase/inventory_log.go:102.17,104.4 1 0
project-POS-APP-golang-integer/internal/usecase/inventory_log.go:105.3,106.13 2 0
project-POS-APP-golang-integer/internal/usecase/inventory_log.go:109.2,109.16 1 0
project-POS-APP-golang-integer/internal/usecase/inventory_log.go:109.16,112.3 2 0
project-POS-APP-golang-integer/internal/usecase/inventory_log.go:115.2,127.18 2 0
project-POS-APP-golang-integer/internal/usecase/profile.go:25.99,31.2 1 1
project-POS-APP-golang-integer/internal/usecase/profile.go:33.93,36.16 3 1
project-POS-APP-golang-integer/internal/usecase/profile.go:36.16,39.3 2 1
project-POS-APP-golang-integer/internal/usecase/profile.go:41.2,46.28 2 1
project-POS-APP-golang-integer/internal/usecase/profile.go:46.28,56.3 8 1
project-POS-APP-golang-integer/internal/usecase/profile.go:58.2,58.18 1 1
project-POS-APP-golang-integer/internal/usecase/profile.go:61.97,75.16 5 1
project-POS-APP-golang-integer/internal/usecase/profile.go:75.16,78.3 2 1
project-POS-APP-golang-integer/internal/usecase/profile.go:79.2,79.12 1 1
project-POS-APP-golang-integer/internal/usecase/reservation_srv.go:37.22,43.2 1 0
project-POS-APP-golang-integer/internal/usecase/reservation_srv.go:45.146,51.68 2 0
project-POS-APP-golang-integer/internal/usecase/reservation_srv.go:51.68,55.3 2 0
project-POS-APP-golang-integer/internal/usecase/reservation_srv.go:58.2,59.16 2 0
project-POS-APP-golang-integer/internal/usecase/reservation_srv.go:59.16,64.3 2 0
project-POS-APP-golang-integer/internal/usecase/reservation_srv.go:66.2,67.16 2 0
project-POS-APP-golang-integer/internal/usecase/reservation_srv.go:67.16,72.3 2 0
project-POS-APP-golang-integer/internal/usecase/reservation_srv.go:75.2,75.65 1 0
project-POS-APP-golang-integer/internal/usecase/reservation_srv.go:75.65,80.3 2 0
project-POS-APP-golang-integer/internal/usecase/reservation_srv.go:82.2,87.59 4 0
project-POS-APP-golang-integer/internal/usecase/reservation_srv.go:87.59,90.50 2 0
project-POS-APP-golang-integer/internal/usecase/reservation_srv.go:90.50,95.4 2 0
project-POS-APP-golang-integer/internal/usecase/reservation_srv.go:97.3,97.22 1 0
project-POS-APP-golang-integer/internal/usecase/reservation_srv.go:97.22,110.18 4 0
project-POS-APP-golang-integer/internal/usecase/reservation_srv.go:110.18,115.5 2 0
project-POS-APP-golang-integer/internal/usecase/reservation_srv.go:117.4,119.44 1 0
project-POS-APP-golang-integer/internal/usecase/reservation_srv.go:120.9,124.4 1 0
project-POS-APP-golang-integer/internal/usecase/reservation_srv.go:127.3,127.34 1 0
project-POS-APP-golang-integer/internal/usecase/reservation_srv.go:127.34,130.18 2 0
project-POS-APP-golang-integer/internal/usecase/reservation_srv.go:130.18,135.5 2 0
project-POS-APP-golang-integer/internal/usecase/reservation_srv.go:138.4,140.34 2 0
project-POS-APP-golang-integer/internal/usecase/reservation_srv.go:140.34,146.5 2 0
project-POS-APP-golang-integer/internal/usecase/reservation_srv.go:149.4,149.50 1 0
project-POS-APP-golang-integer/internal/usecase/reservation_srv.go:149.50,155.5 2 0
project-POS-APP-golang-integer/internal/usecase/reservation_srv.go:156.9,159.38 2 0
project-POS-APP-golang-integer/internal/usecase/reservation_srv.go:159.38,164.5 2 0
project-POS-APP-golang-integer/internal/usecase/reservation_srv.go:167.4,167.29 1 0
project-POS-APP-golang-integer/internal/usecase/reservation_srv.go:167.29,170.20 2 0
project-POS-APP-golang-integer/internal/usecase/reservation_srv.go:170.20,172.11 2 0
project-POS-APP-golang-integer/internal/usecase/reservation_srv.go:176.4,176.20 1 0
project-POS-APP-golang-integer/internal/usecase/reservation_srv.go:176.20,182.5 2 0
project-POS-APP-golang-integer/internal/usecase/reservation_srv.go:186.3,199.17 3 0
project-POS-APP-golang-integer/internal/usecase/reservation_srv.go:199.17,205.4 2 0
project-POS-APP-golang-integer/internal/usecase/reservation_srv.go:208.3,208.98 1 0
project-POS-APP-golang-integer/internal/usecase/reservation_srv.go:208.98,213.4 2 0
project-POS-APP-golang-integer/internal/usecase/reservation_srv.go:215.3,220.13 2 0
project-POS-APP-golang-integer/internal/usecase/reservation_srv.go:223.2,223.16 1 0
project-POS-APP-golang-integer/internal/usecase/reservation_srv.go:223.16,226.3 2 0
project-POS-APP-golang-integer/internal/usecase/reservation_srv.go:229.2,230.16 2 0
project-POS-APP-golang-integer/internal/usecase/reservation_srv.go:230.16,247.3 2 0
project-POS-APP-golang-integer/internal/usecase/reservation_srv.go:249.2,255.19 3 0
project-POS-APP-golang-integer/internal/usecase/reservation_srv.go:258.168,266.16 3 0
project-POS-APP-golang-integer/internal/usecase/reservation_srv.go:266.16,269.3 2 0
project-POS-APP-golang-integer/internal/usecase/reservation_srv.go:272.2,273.33 2 0
project-POS-APP-golang-integer/internal/usecase/reservation_srv.go:273.33,275.3 1 0
project-POS-APP-golang-integer/internal/usecase/reservation_srv.go:278.2,279.39 2 0
project-POS-APP-golang-integer/internal/usecase/reservation_srv.go:279.39,281.3 1 0
project-POS-APP-golang-integer/internal/usecase/reservation_srv.go:283.2,294.41 3 0
project-POS-APP-golang-integer/internal/usecase/reservation_srv.go:297.118,301.16 3 0
project-POS-APP-golang-integer/internal/usecase/reservation_srv.go:301.16,302.36 1 0
project-POS-APP-golang-integer/internal/usecase/reservation_srv.go:302.36,305.4 2 0
project-POS-APP-golang-integer/internal/usecase/reservation_srv.go:306.3,309.18 2 0
project-POS-APP-golang-integer/internal/usecase/reservation_srv.go:312.2,313.19 2 0
project-POS-APP-golang-integer/internal/usecase/reservation_srv.go:316.105,323.34 3 0
project-POS-APP-golang-integer/internal/usecase/reservation_srv.go:323.34,326.3 2 0
project-POS-APP-golang-integer/internal/usecase/reservation_srv.go:328.2,328.60 1 0
project-POS-APP-golang-integer/internal/usecase/reservation_srv.go:328.60,331.17 2 0
project-POS-APP-golang-integer/internal/usecase/reservation_srv.go:331.17,334.4 2 0
project-POS-APP-golang-integer/internal/usecase/reservation_srv.go:337.3,337.72 1 0
project-POS-APP-golang-integer/internal/usecase/reservation_srv.go:337.72,342.4 2 0
project-POS-APP-golang-integer/internal/usecase/reservation_srv.go:345.3,345.89 1 0
project-POS-APP-golang-integer/internal/usecase/reservation_srv.go:345.89,350.4 2 0
project-POS-APP-golang-integer/internal/usecase/reservation_srv.go:353.3,354.59 1 0
project-POS-APP-golang-integer/internal/usecase/reservation_srv.go:354.59,355.111 1 0
project-POS-APP-golang-integer/internal/usecase/reservation_srv.go:355.111,360.5 2 0
project-POS-APP-golang-integer/internal/usecase/reservation_srv.go:363.3,368.13 2 0
project-POS-APP-golang-integer/internal/usecase/reservation_srv.go:372.99,377.60 2 0
project-POS-APP-golang-integer/internal/usecase/reservation_srv.go:377.60,380.17 2 0
project-POS-APP-golang-integer/internal/usecase/reservation_srv.go:380.17,382.4 1 0
project-POS-APP-golang-integer/internal/usecase/reservation_srv.go:385.3,386.60 1 0
project-POS-APP-golang-integer/internal/usecase/reservation_srv.go:386.60,390.4 2 0
project-POS-APP-golang-integer/internal/usecase/reservation_srv.go:393.3,394.19 2 0
project-POS-APP-golang-integer/internal/usecase/reservation_srv.go:394.19,396.4 1 0
project-POS-APP-golang-integer/internal/usecase/reservation_srv.go:398.3,398.73 1 0
project-POS-APP-golang-integer/internal/usecase/reservation_srv.go:398.73,403.4 2 0
project-POS-APP-golang-integer/internal/usecase/reservation_srv.go:406.3,406.110 1 0
project-POS-APP-golang-integer/internal/usecase/reservation_srv.go:406.110,411.4 2 0
project-POS-APP-golang-integer/internal/usecase/reservation_srv.go:413.3,417.13 2 0
project-POS-APP-golang-integer/internal/usecase/reservation_srv.go:421.74,424.60 2 0
project-POS-APP-golang-integer/internal/usecase/reservation_srv.go:424.60,427.17 2 0
project-POS-APP-golang-integer/internal/usecase/reservation_srv.go:427.17,429.4 1 0
project-POS-APP-golang-integer/internal/usecase/reservation_srv.go:432.3,432.62 1 0
project-POS-APP-golang-integer/internal/usecase/reservation_srv.go:432.62,436.4 2 0
project-POS-APP-golang-integer/internal/usecase/reservation_srv.go:439.3,443.109 3 0
project-POS-APP-golang-integer/internal/usecase/reservation_srv.go:443.109,448.4 2 0
project-POS-APP-golang-integer/internal/usecase/reservation_srv.go:450.3,450.73 1 0
project-POS-APP-golang-integer/internal/usecase/reservation_srv.go:450.73,455.4 2 0
project-POS-APP-golang-integer/internal/usecase/reservation_srv.go:457.3,458.13 2 0
project-POS-APP-golang-integer/internal/usecase/reservation_srv.go:462.144,470.16 3 0
project-POS-APP-golang-integer/internal/usecase/reservation_srv.go:470.16,473.3 2 0
project-POS-APP-golang-integer/internal/usecase/reservation_srv.go:475.2,476.16 2 0
project-POS-APP-golang-integer/internal/usecase/reservation_srv.go:476.16,479.3 2 0
project-POS-APP-golang-integer/internal/usecase/reservation_srv.go:482.2,483.16 2 0
project-POS-APP-golang-integer/internal/usecase/reservation_srv.go:483.16,488.3 2 0
project-POS-APP-golang-integer/internal/usecase/reservation_srv.go:491.2,492.31 2 0
project-POS-APP-golang-integer/internal/usecase/reservation_srv.go:492.31,495.32 2 0
project-POS-APP-golang-integer/internal/usecase/reservation_srv.go:495.32,497.4 1 0
project-POS-APP-golang-integer/internal/usecase/reservation_srv.go:501.2,502.40 2 0
project-POS-APP-golang-integer/internal/usecase/reservation_srv.go:502.40,504.3 1 0
project-POS-APP-golang-integer/internal/usecase/reservation_srv.go:506.2,507.23 2 0
project-POS-APP-golang-integer/internal/usecase/reservation_srv.go:511.101,520.2 4 0
project-POS-APP-golang-integer/internal/usecase/reservation_srv.go:522.94,537.13 3 0
project-POS-APP-golang-integer/internal/usecase/reservation_srv.go:537.13,539.3 1 0
project-POS-APP-golang-integer/internal/usecase/reservation_srv.go:541.2,541.45 1 0
project-POS-APP-golang-integer/internal/usecase/reservation_srv.go:541.45,542.20 1 0
project-POS-APP-golang-integer/internal/usecase/reservation_srv.go:542.20,544.4 1 0
project-POS-APP-golang-integer/internal/usecase/reservation_srv.go:547.2,547.14 1 0
project-POS-APP-golang-integer/internal/usecase/usecase.go:20.127,29.2 1 0
project-POS-APP-golang-integer/internal/usecase/user.go:29.93,35.2 1 1
project-POS-APP-golang-integer/internal/usecase/user.go:37.147,47.16 3 0
project-POS-APP-golang-integer/internal/usecase/user.go:47.16,50.3 2 0
project-POS-APP-golang-integer/internal/usecase/user.go:53.2,54.26 2 0
project-POS-APP-golang-integer/internal/usecase/user.go:54.26,60.3 2 0
project-POS-APP-golang-integer/internal/usecase/user.go:62.2,67.8 1 0
project-POS-APP-golang-integer/internal/usecase/user.go:70.86,72.16 2 1
project-POS-APP-golang-integer/internal/usecase/user.go:72.16,75.3 2 1
project-POS-APP-golang-integer/internal/usecase/user.go:76.2,76.18 1 1
project-POS-APP-golang-integer/internal/usecase/user.go:79.96,81.16 2 0
project-POS-APP-golang-integer/internal/usecase/user.go:81.16,84.3 2 0
project-POS-APP-golang-integer/internal/usecase/user.go:85.2,85.18 1 0
project-POS-APP-golang-integer/internal/usecase/user.go:88.118,97.60 5 1
project-POS-APP-golang-integer/internal/usecase/user.go:97.60,100.15 2 1
project-POS-APP-golang-integer/internal/usecase/user.go:100.15,102.4 1 1
project-POS-APP-golang-integer/internal/usecase/user.go:103.3,108.15 4 1
project-POS-APP-golang-integer/internal/usecase/user.go:108.15,110.4 1 1
project-POS-APP-golang-integer/internal/usecase/user.go:112.3,112.13 1 1
project-POS-APP-golang-integer/internal/usecase/user.go:115.2,115.16 1 1
project-POS-APP-golang-integer/internal/usecase/user.go:115.16,118.3 2 1
project-POS-APP-golang-integer/internal/usecase/user.go:120.2,125.18 2 1
project-POS-APP-golang-integer/internal/usecase/user.go:128.92,130.16 2 0
project-POS-APP-golang-integer/internal/usecase/user.go:130.16,133.3 2 0
project-POS-APP-golang-integer/internal/usecase/user.go:136.2,138.16 3 0
project-POS-APP-golang-integer/internal/usecase/user.go:138.16,141.3 2 0
project-POS-APP-golang-integer/internal/usecase/user.go:143.2,143.12 1 0
project-POS-APP-golang-integer/internal/usecase/user.go:146.70,148.16 2 0
project-POS-APP-golang-integer/internal/usecase/user.go:148.16,151.3 2 0
project-POS-APP-golang-integer/internal/usecase/user.go:153.2,153.12 1 0
project-POS-APP-golang-integer/pkg/database/postgres.go:17.60,36.16 4 0
project-POS-APP-golang-integer/pkg/database/postgres.go:36.16,38.3 1 0
project-POS-APP-golang-integer/pkg/database/postgres.go:40.2,54.37 7 0
project-POS-APP-golang-integer/pkg/database/postgres.go:54.37,57.3 2 0
project-POS-APP-golang-integer/pkg/database/postgres.go:59.2,59.18 1 0
project-POS-APP-golang-integer/internal/wire/wire.go:24.105,45.2 10 0
project-POS-APP-golang-integer/internal/wire/wire.go:47.87,53.2 5 0
project-POS-APP-golang-integer/internal/wire/wire.go:55.91,59.2 3 0
project-POS-APP-golang-integer/internal/wire/wire.go:59.2,63.3 3 0
project-POS-APP-golang-integer/internal/wire/wire.go:66.91,72.2 5 0
project-POS-APP-golang-integer/internal/wire/wire.go:74.94,78.2 3 0
project-POS-APP-golang-integer/internal/wire/wire.go:80.98,93.2 8 0
project-POS-APP-golang-integer/internal/wire/wire.go:95.96,99.2 3 0
project-POS-APP-golang-integer/pkg/middleware/auth.go:13.62,14.30 1 0
project-POS-APP-golang-integer/pkg/middleware/auth.go:14.30,16.42 2 0
project-POS-APP-golang-integer/pkg/middleware/auth.go:16.42,20.4 3 0
project-POS-APP-golang-integer/pkg/middleware/auth.go:22.3,25.17 3 0
project-POS-APP-golang-integer/pkg/middleware/auth.go:25.17,29.4 3 0
project-POS-APP-golang-integer/pkg/middleware/auth.go:31.3,32.17 2 0
project-POS-APP-golang-integer/pkg/middleware/auth.go:32.17,36.4 3 0
project-POS-APP-golang-integer/pkg/middleware/auth.go:38.3,40.11 3 0
project-POS-APP-golang-integer/pkg/middleware/auth.go:44.89,45.30 1 0
project-POS-APP-golang-integer/pkg/middleware/auth.go:45.30,47.14 2 0
project-POS-APP-golang-integer/pkg/middleware/auth.go:47.14,51.4 3 0
project-POS-APP-golang-integer/pkg/middleware/auth.go:53.3,54.10 2 0
project-POS-APP-golang-integer/pkg/middleware/auth.go:54.10,58.4 3 0
project-POS-APP-golang-integer/pkg/middleware/auth.go:60.3,60.30 1 0
project-POS-APP-golang-integer/pkg/middleware/auth.go:60.30,61.24 1 0
project-POS-APP-golang-integer/pkg/middleware/auth.go:61.24,64.5 2 0
project-POS-APP-golang-integer/pkg/middleware/auth.go:67.3,74.11 3 0
project-POS-APP-golang-integer/pkg/middleware/middleware.go:14.86,19.2 1 0
project-POS-APP-golang-integer/pkg/utils/config.go:43.49,49.16 4 0
project-POS-APP-golang-integer/pkg/utils/config.go:49.16,51.3 1 0
project-POS-APP-golang-integer/pkg/utils/config.go:54.2,88.8 5 0
project-POS-APP-golang-integer/pkg/utils/errors.go:35.38,62.45 2 0
project-POS-APP-golang-integer/pkg/utils/errors.go:62.45,63.34 1 0
project-POS-APP-golang-integer/pkg/utils/errors.go:63.34,65.4 1 0
project-POS-APP-golang-integer/pkg/utils/errors.go:67.2,67.14 1 0
project-POS-APP-golang-integer/pkg/utils/logger.go:12.63,15.11 2 0
project-POS-APP-golang-integer/pkg/utils/logger.go:15.11,17.3 1 0
project-POS-APP-golang-integer/pkg/utils/logger.go:18.2,23.11 4 0
project-POS-APP-golang-integer/pkg/utils/logger.go:23.11,25.3 1 0
project-POS-APP-golang-integer/pkg/utils/logger.go:28.2,47.20 5 0
project-POS-APP-golang-integer/pkg/utils/password_hash.go:5.63,8.2 2 0
project-POS-APP-golang-integer/pkg/utils/password_hash.go:10.43,13.2 2 0
project-POS-APP-golang-integer/pkg/utils/response.go:14.74,21.2 2 0
project-POS-APP-golang-integer/pkg/utils/response.go:23.75,30.2 2 0
project-POS-APP-golang-integer/pkg/utils/response.go:32.101,40.2 2 0
project-POS-APP-golang-integer/pkg/utils/shift_time.go:14.13,21.40 5 0
project-POS-APP-golang-integer/pkg/utils/shift_time.go:21.40,23.3 1 0
project-POS-APP-golang-integer/pkg/utils/shift_time.go:25.2,35.9 2 0
project-POS-APP-golang-integer/pkg/utils/token.go:11.57,14.16 3 0
project-POS-APP-golang-integer/pkg/utils/token.go:14.16,16.3 1 0
project-POS-APP-golang-integer/pkg/utils/token.go:17.2,18.19 2 0
project-POS-APP-golang-integer/pkg/utils/utils.go:10.55,13.16 3 0
project-POS-APP-golang-integer/pkg/utils/utils.go:13.16,15.3 1 0
project-POS-APP-golang-integer/pkg/utils/utils.go:17.2,18.30 2 0
project-POS-APP-golang-integer/pkg/utils/utils.go:22.46,25.30 3 0
project-POS-APP-golang-integer/pkg/utils/utils.go:25.30,27.17 2 0
project-POS-APP-golang-integer/pkg/utils/utils.go:27.17,29.4 1 0
project-POS-APP-golang-integer/pkg/utils/utils.go:30.3,30.29 1 0
project-POS-APP-golang-integer/pkg/utils/utils.go:32.2,32.23 1 0
project-POS-APP-golang-integer/pkg/utils/utils.go:37.62,39.2 1 0
project-POS-APP-golang-integer/pkg/utils/utils.go:42.62,44.2 1 0
project-POS-APP-golang-integer/pkg/utils/utils.go:47.77,57.2 4 0
project-POS-APP-golang-integer/pkg/utils/utils.go:60.48,62.2 1 0
project-POS-APP-golang-integer/pkg/utils/utils.go:64.48,66.2 1 0
project-POS-APP-golang-integer/pkg/utils/validator.go:15.53,19.16 3 0
project-POS-APP-golang-integer/pkg/utils/validator.go:19.16,21.3 1 0
project-POS-APP-golang-integer/pkg/utils/validator.go:23.2,25.66 2 0
project-POS-APP-golang-integer/pkg/utils/validator.go:25.66,26.40 1 0
project-POS-APP-golang-integer/pkg/utils/validator.go:26.40,28.21 2 0
project-POS-APP-golang-integer/pkg/utils/validator.go:29.20,30.57 1 0
project-POS-APP-golang-integer/pkg/utils/validator.go:31.17,32.50 1 0
project-POS-APP-golang-integer/pkg/utils/validator.go:33.15,34.75 1 0
project-POS-APP-golang-integer/pkg/utils/validator.go:35.15,36.94 1 0
project-POS-APP-golang-integer/pkg/utils/validator.go:37.19,38.72 1 0
project-POS-APP-golang-integer/pkg/utils/validator.go:39.17,40.77 1 0
project-POS-APP-golang-integer/pkg/utils/validator.go:41.15,42.88 1 0
project-POS-APP-golang-integer/pkg/utils/validator.go:43.12,44.56 1 0
project-POS-APP-golang-integer/pkg/utils/validator.go:47.4,50.6 1 0
project-POS-APP-golang-integer/pkg/utils/validator.go:52.3,52.21 1 0
project-POS-APP-golang-integer/pkg/utils/validator.go:56.2,56.17 1 0
